[debug] [2023-05-24T21:08:38.900Z] ----------------------------------------------------------------------
[debug] [2023-05-24T21:08:38.902Z] Command:       C:\Program Files\nodejs\node.exe C:\Users\User\AppData\Roaming\npm\node_modules\firebase-tools\lib\bin\firebase.js init
[debug] [2023-05-24T21:08:38.902Z] CLI Version:   11.9.0
[debug] [2023-05-24T21:08:38.903Z] Platform:      win32
[debug] [2023-05-24T21:08:38.903Z] Node Version:  v16.16.0
[debug] [2023-05-24T21:08:38.904Z] Time:          Wed May 24 2023 18:08:38 GMT-0300 (hora estándar de Argentina)
[debug] [2023-05-24T21:08:38.904Z] ----------------------------------------------------------------------
[debug] 
[debug] [2023-05-24T21:08:38.964Z] > command requires scopes: ["email","openid","https://www.googleapis.com/auth/cloudplatformprojects.readonly","https://www.googleapis.com/auth/firebase","https://www.googleapis.com/auth/cloud-platform"]
[debug] [2023-05-24T21:08:38.965Z] > authorizing via signed-in user (nancyecheverria59@gmail.com)
[info] 
     ######## #### ########  ######## ########     ###     ######  ########
     ##        ##  ##     ## ##       ##     ##  ##   ##  ##       ##
     ######    ##  ########  ######   ########  #########  ######  ######
     ##        ##  ##    ##  ##       ##     ## ##     ##       ## ##
     ##       #### ##     ## ######## ########  ##     ##  ######  ########

You're about to initialize a Firebase project in this directory:

  C:\Users\User\Desktop\Mi Portfolio Nancy Echeverria\Front-End\Frontend Porfolio Nancy 26-07-2022

Before we get started, keep in mind:

  * You are initializing within an existing Firebase project directory

[info] 
=== Project Setup
[info] 
[info] First, let's associate this project directory with a Firebase project.
[info] You can create multiple project aliases by running firebase use --add, 
[info] but for now we'll just set up a default project.
[info] 
[debug] [2023-05-24T21:08:50.087Z] Using project from CLI flag: portfolio-nancy-echeverria
[debug] [2023-05-24T21:08:50.090Z] > refreshing access token with scopes: []
[debug] [2023-05-24T21:08:50.095Z] >>> [apiv2][query] POST https://www.googleapis.com/oauth2/v3/token [none]
[debug] [2023-05-24T21:08:50.095Z] >>> [apiv2][body] POST https://www.googleapis.com/oauth2/v3/token [omitted]
[debug] [2023-05-24T21:08:50.292Z] <<< [apiv2][status] POST https://www.googleapis.com/oauth2/v3/token 400
[debug] [2023-05-24T21:08:50.292Z] <<< [apiv2][body] POST https://www.googleapis.com/oauth2/v3/token [omitted]
[debug] [2023-05-24T21:08:50.293Z] >>> [apiv2][query] GET https://firebase.googleapis.com/v1beta1/projects/portfolio-nancy-echeverria [none]
[debug] [2023-05-24T21:08:50.429Z] <<< [apiv2][status] GET https://firebase.googleapis.com/v1beta1/projects/portfolio-nancy-echeverria 401
[debug] [2023-05-24T21:08:50.429Z] <<< [apiv2][body] GET https://firebase.googleapis.com/v1beta1/projects/portfolio-nancy-echeverria {"error":{"code":401,"message":"Request had invalid authentication credentials. Expected OAuth 2 access token, login cookie or other valid authentication credential. See https://developers.google.com/identity/sign-in/web/devconsole-project.","status":"UNAUTHENTICATED"}}
[debug] [2023-05-24T21:08:50.430Z] HTTP Error: 401, Request had invalid authentication credentials. Expected OAuth 2 access token, login cookie or other valid authentication credential. See https://developers.google.com/identity/sign-in/web/devconsole-project.
[debug] [2023-05-24T21:08:50.566Z] FirebaseError: HTTP Error: 401, Request had invalid authentication credentials. Expected OAuth 2 access token, login cookie or other valid authentication credential. See https://developers.google.com/identity/sign-in/web/devconsole-project.
    at responseToError (C:\Users\User\AppData\Roaming\npm\node_modules\firebase-tools\lib\responseToError.js:49:12)
    at RetryOperation._fn (C:\Users\User\AppData\Roaming\npm\node_modules\firebase-tools\lib\apiv2.js:288:77)
    at processTicksAndRejections (node:internal/process/task_queues:96:5)
[error] 
[error] Error: Failed to get Firebase project portfolio-nancy-echeverria. Please make sure the project exists and your account has permission to access it.
