[debug] [2022-09-24T17:10:25.973Z] ----------------------------------------------------------------------
[debug] [2022-09-24T17:10:25.976Z] Command:       C:\Program Files\nodejs\node.exe C:\Users\User\AppData\Roaming\npm\node_modules\firebase-tools\lib\bin\firebase.js init
[debug] [2022-09-24T17:10:25.976Z] CLI Version:   11.9.0
[debug] [2022-09-24T17:10:25.976Z] Platform:      win32
[debug] [2022-09-24T17:10:25.977Z] Node Version:  v16.16.0
[debug] [2022-09-24T17:10:25.977Z] Time:          Sat Sep 24 2022 14:10:25 GMT-0300 (hora estándar de Argentina)
[debug] [2022-09-24T17:10:25.978Z] ----------------------------------------------------------------------
[debug] 
[debug] [2022-09-24T17:10:26.034Z] > command requires scopes: ["email","openid","https://www.googleapis.com/auth/cloudplatformprojects.readonly","https://www.googleapis.com/auth/firebase","https://www.googleapis.com/auth/cloud-platform"]
[debug] [2022-09-24T17:10:26.035Z] > authorizing via signed-in user (nancyecheverria59@gmail.com)
[info] 
     ######## #### ########  ######## ########     ###     ######  ########
     ##        ##  ##     ## ##       ##     ##  ##   ##  ##       ##
     ######    ##  ########  ######   ########  #########  ######  ######
     ##        ##  ##    ##  ##       ##     ## ##     ##       ## ##
     ##       #### ##     ## ######## ########  ##     ##  ######  ########

You're about to initialize a Firebase project in this directory:

  C:\Users\User\Documents\ProyectoAngular\ProyectAngular\NuevoAporteBackend\Front-End\Frontend Porfolio Nancy 26-07-2022

Before we get started, keep in mind:

  * You are initializing within an existing Firebase project directory

[info] 
=== Project Setup
[info] 
[info] First, let's associate this project directory with a Firebase project.
[info] You can create multiple project aliases by running firebase use --add, 
[info] but for now we'll just set up a default project.
[info] 
[debug] [2022-09-24T17:13:57.516Z] Using project from CLI flag: portfolio-nancy-echeverria
[debug] [2022-09-24T17:13:57.520Z] >>> [apiv2][query] GET https://firebase.googleapis.com/v1beta1/projects/portfolio-nancy-echeverria [none]
[debug] [2022-09-24T17:13:58.089Z] <<< [apiv2][status] GET https://firebase.googleapis.com/v1beta1/projects/portfolio-nancy-echeverria 200
[debug] [2022-09-24T17:13:58.089Z] <<< [apiv2][body] GET https://firebase.googleapis.com/v1beta1/projects/portfolio-nancy-echeverria {"projectId":"portfolio-nancy-echeverria","projectNumber":"1036640423007","displayName":"Portfolio-Nancy-Echeverria","name":"projects/portfolio-nancy-echeverria","resources":{"hostingSite":"portfolio-nancy-echeverria"},"state":"ACTIVE","etag":"1_5fd453d9-b1c7-449f-bf20-b43f0c4e1536"}
[info] i  Using project portfolio-nancy-echeverria (Portfolio-Nancy-Echeverria) 
[info] 
=== Database Setup
[info] i  database: ensuring required API firebasedatabase.googleapis.com is enabled... 
[debug] [2022-09-24T17:13:58.101Z] >>> [apiv2][query] GET https://serviceusage.googleapis.com/v1/projects/portfolio-nancy-echeverria/services/firebasedatabase.googleapis.com [none]
[debug] [2022-09-24T17:13:59.206Z] <<< [apiv2][status] GET https://serviceusage.googleapis.com/v1/projects/portfolio-nancy-echeverria/services/firebasedatabase.googleapis.com 200
[debug] [2022-09-24T17:13:59.206Z] <<< [apiv2][body] GET https://serviceusage.googleapis.com/v1/projects/portfolio-nancy-echeverria/services/firebasedatabase.googleapis.com [omitted]
[warn] !  database: missing required API firebasedatabase.googleapis.com. Enabling now... 
[debug] [2022-09-24T17:13:59.209Z] >>> [apiv2][query] POST https://serviceusage.googleapis.com/v1/projects/portfolio-nancy-echeverria/services/firebasedatabase.googleapis.com:enable [none]
[debug] [2022-09-24T17:14:00.846Z] <<< [apiv2][status] POST https://serviceusage.googleapis.com/v1/projects/portfolio-nancy-echeverria/services/firebasedatabase.googleapis.com:enable 200
[debug] [2022-09-24T17:14:00.846Z] <<< [apiv2][body] POST https://serviceusage.googleapis.com/v1/projects/portfolio-nancy-echeverria/services/firebasedatabase.googleapis.com:enable [omitted]
[debug] [2022-09-24T17:14:10.856Z] >>> [apiv2][query] GET https://serviceusage.googleapis.com/v1/projects/portfolio-nancy-echeverria/services/firebasedatabase.googleapis.com [none]
[debug] [2022-09-24T17:14:11.904Z] <<< [apiv2][status] GET https://serviceusage.googleapis.com/v1/projects/portfolio-nancy-echeverria/services/firebasedatabase.googleapis.com 200
[debug] [2022-09-24T17:14:11.904Z] <<< [apiv2][body] GET https://serviceusage.googleapis.com/v1/projects/portfolio-nancy-echeverria/services/firebasedatabase.googleapis.com [omitted]
[info] +  database: required API firebasedatabase.googleapis.com is enabled 
[info] 
[debug] [2022-09-24T17:14:11.909Z] >>> [apiv2][query] GET https://firebase.googleapis.com/v1beta1/projects/portfolio-nancy-echeverria [none]
[debug] [2022-09-24T17:14:12.276Z] <<< [apiv2][status] GET https://firebase.googleapis.com/v1beta1/projects/portfolio-nancy-echeverria 200
[debug] [2022-09-24T17:14:12.276Z] <<< [apiv2][body] GET https://firebase.googleapis.com/v1beta1/projects/portfolio-nancy-echeverria {"projectId":"portfolio-nancy-echeverria","projectNumber":"1036640423007","displayName":"Portfolio-Nancy-Echeverria","name":"projects/portfolio-nancy-echeverria","resources":{"hostingSite":"portfolio-nancy-echeverria"},"state":"ACTIVE","etag":"1_5fd453d9-b1c7-449f-bf20-b43f0c4e1536"}
